0 info it worked if it ends with ok
1 verbose cli [ 'node', '/usr/local/bin/npm', 'install' ]
2 info using npm@2.13.5
3 info using node@v0.12.7
4 verbose readDependencies loading dependencies from /Users/santhonydo/Documents/Projects/hustlebee/package.json
5 warn package.json hustlebee@1.0.0 No repository field.
6 warn package.json hustlebee@1.0.0 No README data
7 warn package.json hustlebee@1.0.0 No license field.
8 verbose install where, deps [ '/Users/santhonydo/Documents/Projects/hustlebee',
8 verbose install   [ 'angular-google-maps',
8 verbose install     'angular-ui-router',
8 verbose install     'angulartics',
8 verbose install     'angulartics-google-analytics',
8 verbose install     'async',
8 verbose install     'bcrypt-nodejs',
8 verbose install     'body-parser',
8 verbose install     'connect-flash',
8 verbose install     'connect-mongo',
8 verbose install     'cookie-parser',
8 verbose install     'cors',
8 verbose install     'express',
8 verbose install     'express-session',
8 verbose install     'express-stormpath',
8 verbose install     'moment',
8 verbose install     'mongoose',
8 verbose install     'passport',
8 verbose install     'passport-local',
8 verbose install     'sendgrid',
8 verbose install     'stormpath-sdk-angularjs',
8 verbose install     'multer' ] ]
9 verbose install where, peers [ '/Users/santhonydo/Documents/Projects/hustlebee', [] ]
10 verbose installManyTop reading for lifecycle /Users/santhonydo/Documents/Projects/hustlebee/package.json
11 info preinstall hustlebee@1.0.0
12 verbose installManyTop reading scoped package data from /Users/santhonydo/Documents/Projects/hustlebee/node_modules/angular-google-maps/package.json
13 verbose installManyTop reading scoped package data from /Users/santhonydo/Documents/Projects/hustlebee/node_modules/angular-ui-router/package.json
14 verbose installManyTop reading scoped package data from /Users/santhonydo/Documents/Projects/hustlebee/node_modules/angulartics/package.json
15 verbose installManyTop reading scoped package data from /Users/santhonydo/Documents/Projects/hustlebee/node_modules/angulartics-google-analytics/package.json
16 verbose installManyTop reading scoped package data from /Users/santhonydo/Documents/Projects/hustlebee/node_modules/async/package.json
17 verbose installManyTop reading scoped package data from /Users/santhonydo/Documents/Projects/hustlebee/node_modules/aws-sdk/package.json
18 verbose installManyTop reading scoped package data from /Users/santhonydo/Documents/Projects/hustlebee/node_modules/bcrypt-nodejs/package.json
19 verbose installManyTop reading scoped package data from /Users/santhonydo/Documents/Projects/hustlebee/node_modules/body-parser/package.json
20 verbose installManyTop reading scoped package data from /Users/santhonydo/Documents/Projects/hustlebee/node_modules/connect-flash/package.json
21 verbose installManyTop reading scoped package data from /Users/santhonydo/Documents/Projects/hustlebee/node_modules/connect-mongo/package.json
22 verbose installManyTop reading scoped package data from /Users/santhonydo/Documents/Projects/hustlebee/node_modules/cookie-parser/package.json
23 verbose installManyTop reading scoped package data from /Users/santhonydo/Documents/Projects/hustlebee/node_modules/cors/package.json
24 verbose installManyTop reading scoped package data from /Users/santhonydo/Documents/Projects/hustlebee/node_modules/express/package.json
25 verbose installManyTop reading scoped package data from /Users/santhonydo/Documents/Projects/hustlebee/node_modules/express-session/package.json
26 verbose installManyTop reading scoped package data from /Users/santhonydo/Documents/Projects/hustlebee/node_modules/express-stormpath/package.json
27 verbose installManyTop reading scoped package data from /Users/santhonydo/Documents/Projects/hustlebee/node_modules/moment/package.json
28 verbose installManyTop reading scoped package data from /Users/santhonydo/Documents/Projects/hustlebee/node_modules/mongoose/package.json
29 verbose installManyTop reading scoped package data from /Users/santhonydo/Documents/Projects/hustlebee/node_modules/multer/package.json
30 verbose installManyTop reading scoped package data from /Users/santhonydo/Documents/Projects/hustlebee/node_modules/passport/package.json
31 verbose installManyTop reading scoped package data from /Users/santhonydo/Documents/Projects/hustlebee/node_modules/passport-local/package.json
32 verbose installManyTop reading scoped package data from /Users/santhonydo/Documents/Projects/hustlebee/node_modules/sendgrid/package.json
33 verbose installManyTop reading scoped package data from /Users/santhonydo/Documents/Projects/hustlebee/node_modules/stormpath-sdk-angularjs/package.json
34 info package.json angulartics@0.20.3 No license field.
35 info package.json connect-flash@0.1.1 No license field.
36 info package.json passport-local@1.0.0 No license field.
37 info package.json bcrypt-nodejs@0.0.3 No license field.
38 verbose readDependencies loading dependencies from /Users/santhonydo/Documents/Projects/hustlebee/package.json
39 verbose targetResolver reading package data from /Users/santhonydo/Documents/Projects/hustlebee/node_modules/angular-google-maps/package.json
40 verbose targetResolver reading package data from /Users/santhonydo/Documents/Projects/hustlebee/node_modules/angular-ui-router/package.json
41 verbose targetResolver reading package data from /Users/santhonydo/Documents/Projects/hustlebee/node_modules/angulartics/package.json
42 verbose targetResolver reading package data from /Users/santhonydo/Documents/Projects/hustlebee/node_modules/angulartics-google-analytics/package.json
43 verbose targetResolver reading package data from /Users/santhonydo/Documents/Projects/hustlebee/node_modules/async/package.json
44 verbose targetResolver reading package data from /Users/santhonydo/Documents/Projects/hustlebee/node_modules/aws-sdk/package.json
45 verbose targetResolver reading package data from /Users/santhonydo/Documents/Projects/hustlebee/node_modules/bcrypt-nodejs/package.json
46 verbose targetResolver reading package data from /Users/santhonydo/Documents/Projects/hustlebee/node_modules/body-parser/package.json
47 verbose targetResolver reading package data from /Users/santhonydo/Documents/Projects/hustlebee/node_modules/connect-flash/package.json
48 verbose targetResolver reading package data from /Users/santhonydo/Documents/Projects/hustlebee/node_modules/connect-mongo/package.json
49 verbose targetResolver reading package data from /Users/santhonydo/Documents/Projects/hustlebee/node_modules/cookie-parser/package.json
50 verbose targetResolver reading package data from /Users/santhonydo/Documents/Projects/hustlebee/node_modules/cors/package.json
51 verbose targetResolver reading package data from /Users/santhonydo/Documents/Projects/hustlebee/node_modules/express/package.json
52 verbose targetResolver reading package data from /Users/santhonydo/Documents/Projects/hustlebee/node_modules/express-session/package.json
53 verbose targetResolver reading package data from /Users/santhonydo/Documents/Projects/hustlebee/node_modules/express-stormpath/package.json
54 verbose targetResolver reading package data from /Users/santhonydo/Documents/Projects/hustlebee/node_modules/moment/package.json
55 verbose targetResolver reading package data from /Users/santhonydo/Documents/Projects/hustlebee/node_modules/mongoose/package.json
56 verbose targetResolver reading package data from /Users/santhonydo/Documents/Projects/hustlebee/node_modules/multer/package.json
57 verbose targetResolver reading package data from /Users/santhonydo/Documents/Projects/hustlebee/node_modules/passport/package.json
58 verbose targetResolver reading package data from /Users/santhonydo/Documents/Projects/hustlebee/node_modules/passport-local/package.json
59 verbose targetResolver reading package data from /Users/santhonydo/Documents/Projects/hustlebee/node_modules/sendgrid/package.json
60 verbose targetResolver reading package data from /Users/santhonydo/Documents/Projects/hustlebee/node_modules/stormpath-sdk-angularjs/package.json
61 verbose targetResolver reading package data from /Users/santhonydo/Documents/Projects/hustlebee/node_modules/.bin/uuid/package.json
62 verbose already installed skipping moment@^2.11.1 /Users/santhonydo/Documents/Projects/hustlebee
63 verbose already installed skipping mongoose@^4.3.4 /Users/santhonydo/Documents/Projects/hustlebee
64 verbose already installed skipping passport@^0.3.2 /Users/santhonydo/Documents/Projects/hustlebee
65 verbose already installed skipping passport-local@^1.0.0 /Users/santhonydo/Documents/Projects/hustlebee
66 verbose already installed skipping sendgrid@^2.0.0 /Users/santhonydo/Documents/Projects/hustlebee
67 verbose already installed skipping stormpath-sdk-angularjs@^0.9.0 /Users/santhonydo/Documents/Projects/hustlebee
68 verbose already installed skipping multer@^1.1.0 /Users/santhonydo/Documents/Projects/hustlebee
69 verbose already installed skipping angular-google-maps@^2.3.2 /Users/santhonydo/Documents/Projects/hustlebee
70 verbose already installed skipping angular-ui-router@^0.2.15 /Users/santhonydo/Documents/Projects/hustlebee
71 verbose already installed skipping angulartics@^0.20.0 /Users/santhonydo/Documents/Projects/hustlebee
72 verbose already installed skipping angulartics-google-analytics@^0.1.3 /Users/santhonydo/Documents/Projects/hustlebee
73 verbose already installed skipping async@^1.5.2 /Users/santhonydo/Documents/Projects/hustlebee
74 verbose already installed skipping bcrypt-nodejs@0.0.3 /Users/santhonydo/Documents/Projects/hustlebee
75 verbose already installed skipping body-parser@^1.14.2 /Users/santhonydo/Documents/Projects/hustlebee
76 verbose already installed skipping connect-flash@^0.1.1 /Users/santhonydo/Documents/Projects/hustlebee
77 verbose already installed skipping connect-mongo@^1.1.0 /Users/santhonydo/Documents/Projects/hustlebee
78 verbose already installed skipping cookie-parser@^1.4.1 /Users/santhonydo/Documents/Projects/hustlebee
79 verbose already installed skipping cors@^2.7.1 /Users/santhonydo/Documents/Projects/hustlebee
80 verbose already installed skipping express@^4.13.3 /Users/santhonydo/Documents/Projects/hustlebee
81 verbose already installed skipping express-session@^1.13.0 /Users/santhonydo/Documents/Projects/hustlebee
82 verbose already installed skipping express-stormpath@^2.3.6 /Users/santhonydo/Documents/Projects/hustlebee
83 silly install resolved []
84 info build /Users/santhonydo/Documents/Projects/hustlebee
85 info linkStuff hustlebee@1.0.0
86 silly linkStuff hustlebee@1.0.0 has /Users/santhonydo/Documents/Projects as its parent node_modules
87 verbose linkBins hustlebee@1.0.0
88 verbose linkMans hustlebee@1.0.0
89 verbose rebuildBundles hustlebee@1.0.0
90 verbose rebuildBundles [ '.DS_Store',
90 verbose rebuildBundles   '.bin',
90 verbose rebuildBundles   'angular-google-maps',
90 verbose rebuildBundles   'angular-ui-router',
90 verbose rebuildBundles   'angulartics',
90 verbose rebuildBundles   'angulartics-google-analytics',
90 verbose rebuildBundles   'async',
90 verbose rebuildBundles   'aws-sdk',
90 verbose rebuildBundles   'bcrypt-nodejs',
90 verbose rebuildBundles   'body-parser',
90 verbose rebuildBundles   'connect-flash',
90 verbose rebuildBundles   'connect-mongo',
90 verbose rebuildBundles   'cookie-parser',
90 verbose rebuildBundles   'cors',
90 verbose rebuildBundles   'express',
90 verbose rebuildBundles   'express-session',
90 verbose rebuildBundles   'express-stormpath',
90 verbose rebuildBundles   'moment',
90 verbose rebuildBundles   'mongoose',
90 verbose rebuildBundles   'multer',
90 verbose rebuildBundles   'passport',
90 verbose rebuildBundles   'passport-local',
90 verbose rebuildBundles   'sendgrid',
90 verbose rebuildBundles   'stormpath-sdk-angularjs' ]
91 verbose rebuild bundle /Users/santhonydo/Documents/Projects/hustlebee/node_modules/aws-sdk
92 info build /Users/santhonydo/Documents/Projects/hustlebee/node_modules/aws-sdk
93 info preinstall aws-sdk@2.3.10
94 info linkStuff aws-sdk@2.3.10
95 silly linkStuff aws-sdk@2.3.10 has /Users/santhonydo/Documents/Projects/hustlebee/node_modules as its parent node_modules
96 verbose linkBins aws-sdk@2.3.10
97 verbose linkMans aws-sdk@2.3.10
98 verbose rebuildBundles aws-sdk@2.3.10
99 verbose rebuildBundles [ 'jmespath', 'sax', 'xml2js', 'xmlbuilder' ]
100 info install aws-sdk@2.3.10
101 info postinstall aws-sdk@2.3.10
102 info install hustlebee@1.0.0
103 info postinstall hustlebee@1.0.0
104 info prepublish hustlebee@1.0.0
105 verbose validateInstall loading /Users/santhonydo/Documents/Projects/hustlebee/package.json for validation
106 verbose stack Error: The package angulartics@0.20.3 does not satisfy its siblings' peerDependencies requirements!
106 verbose stack     at /usr/local/lib/node_modules/npm/lib/install.js:125:32
106 verbose stack     at /usr/local/lib/node_modules/npm/lib/install.js:268:7
106 verbose stack     at /usr/local/lib/node_modules/npm/node_modules/read-installed/read-installed.js:142:5
106 verbose stack     at /usr/local/lib/node_modules/npm/node_modules/read-installed/read-installed.js:263:14
106 verbose stack     at cb (/usr/local/lib/node_modules/npm/node_modules/slide/lib/async-map.js:47:24)
106 verbose stack     at /usr/local/lib/node_modules/npm/node_modules/read-installed/read-installed.js:263:14
106 verbose stack     at cb (/usr/local/lib/node_modules/npm/node_modules/slide/lib/async-map.js:47:24)
106 verbose stack     at /usr/local/lib/node_modules/npm/node_modules/read-installed/read-installed.js:263:14
106 verbose stack     at cb (/usr/local/lib/node_modules/npm/node_modules/slide/lib/async-map.js:47:24)
106 verbose stack     at /usr/local/lib/node_modules/npm/node_modules/read-installed/read-installed.js:263:14
107 verbose cwd /Users/santhonydo/Documents/Projects/hustlebee
108 error Darwin 16.0.0
109 error argv "node" "/usr/local/bin/npm" "install"
110 error node v0.12.7
111 error npm  v2.13.5
112 error code EPEERINVALID
113 error peerinvalid The package angulartics@0.20.3 does not satisfy its siblings' peerDependencies requirements!
113 error peerinvalid Peer angulartics-google-analytics@0.1.4 wants angulartics@~1.0.0
114 verbose exit [ 1, true ]
